<?xml version="1.0" encoding="UTF-8"?>
<!-- Generated by org.testng.reporters.JUnitReportReporter -->
<testsuite skipped="0" hostname="sudheer-PC" name="com.OHRMS.testcases.LoginPageTest" tests="2" failures="0" timestamp="27 Nov 2017 16:26:15 GMT" time="22.679" errors="0">
  <testcase name="loginPageTitleTest" time="10.914" classname="com.OHRMS.testcases.LoginPageTest"/>
  <testcase name="LoginTest" time="11.765" classname="com.OHRMS.testcases.LoginPageTest"/>
</testsuite> <!-- com.OHRMS.testcases.LoginPageTest -->
